Pagefind logging initialized
[Status]: Running Pagefind v1.3.0 (Extended)
[Info]: Running in verbose mode
[Info]: Running from: "D:\\Proyectos\\personal\\personal-site"
[Info]: Source:       ".vercel/output/static"
[Info]: Output:       ""
[Status]: [Walking source directory]
[Info]: Found 16 files matching **/*.{html}
[Status]: [Parsing files]
[Info]: Found a data-pagefind-body element on the site.
↳ Ignoring pages without this tag.
[Status]: [Reading languages]
[Info]: Discovered 1 language: en
[Info]:   * en: 2 pages
[Status]: [Building search indexes]
[Info]: Language en: 
  Indexed 2 pages
  Indexed 132 words
  Indexed 1 filter
  Indexed 0 sorts

[Info]: Total: 
  Indexed 1 language
  Indexed 2 pages
  Indexed 132 words
  Indexed 1 filter
  Indexed 0 sorts
[Status]: Finished in 0.611 seconds
[Warning]: 1 configuration warning(s):
[Warning]: 
The `bundle-dir` option is deprecated as of Pagefind 1.0. Use either `output-subdir` or `output-path` instead:

cli:    --output-subdir
config: output_subdir
env:    PAGEFIND_OUTPUT_SUBDIR
└─ "Where to output the search files, relative to the processed site"

cli:    --output-path
config: output_path
env:    PAGEFIND_OUTPUT_PATH
└─ "Where to output the search files, relative to the working directory of the command"

